<?xml version="1.0" encoding="UTF-8"?>
<!-- Generated by org.testng.reporters.JUnitXMLReporter -->
<testsuite hostname="HYDPCM203672L" ignored="0" name="Chrome Test" tests="4" failures="0" timestamp="13 Apr 2020 07:40:55 GMT" time="25.266" errors="0">
  <testcase name="enterFirstName" time="1.405" classname="com.uma.framework.FirstEample"/>
  <testcase name="enterLastName" time="1.347" classname="com.uma.framework.FirstEample"/>
  <testcase name="enterMiddleName" time="0.363" classname="com.uma.framework.FirstEample"/>
  <testcase name="verifyHeaderFormText" time="0.079" classname="com.uma.framework.FirstEample"/>
</testsuite> <!-- Chrome Test -->
