<?xml version="1.0" encoding="UTF-8"?>
<!-- Generated by org.testng.reporters.JUnitXMLReporter -->
<testsuite hostname="HYDPCM203672L" ignored="0" name="Default test" tests="6" failures="0" timestamp="08 Apr 2020 07:15:36 GMT" time="0.084" errors="0">
  <testcase name="demo" time="0.007" classname="com.uma.framework.FirstEample"/>
  <testcase name="testMethod" time="0.002" classname="com.uma.framework.FirstEample"/>
  <testcase name="zoo" time="0.003" classname="com.uma.framework.FirstEample"/>
  <testcase name="run" time="0.002" classname="com.uma.framework.FirstEample"/>
  <testcase name="secondTestMethod" time="0.003" classname="com.uma.framework.FirstEample"/>
  <testcase name="john" time="0.003" classname="com.uma.framework.FirstEample"/>
</testsuite> <!-- Default test -->
