<?xml version="1.0" encoding="UTF-8"?>
<testng-results skipped="0" failed="0" ignored="0" total="4" passed="4">
  <reporter-output>
  </reporter-output>
  <suite name="Sample Suite" duration-ms="25266" started-at="2020-04-13T07:40:30Z" finished-at="2020-04-13T07:40:55Z">
    <groups>
    </groups>
    <test name="Chrome Test" duration-ms="25266" started-at="2020-04-13T07:40:30Z" finished-at="2020-04-13T07:40:55Z">
      <class name="com.uma.framework.FirstEample">
        <test-method status="PASS" signature="beforeSuiteMethod()[pri:0, instance:com.uma.framework.FirstEample@ed1b1c72]" name="beforeSuiteMethod" is-config="true" duration-ms="16" started-at="2020-04-13T07:40:30Z" finished-at="2020-04-13T07:40:30Z">
          <reporter-output>
          </reporter-output>
        </test-method> <!-- beforeSuiteMethod -->
        <test-method status="PASS" signature="beforeTestMethod(java.lang.String)[pri:0, instance:com.uma.framework.FirstEample@ed1b1c72]" name="beforeTestMethod" is-config="true" duration-ms="21997" started-at="2020-04-13T07:40:30Z" finished-at="2020-04-13T07:40:52Z">
          <params>
            <param index="0">
              <value>
                <![CDATA[Chrome]]>
              </value>
            </param>
          </params>
          <reporter-output>
          </reporter-output>
        </test-method> <!-- beforeTestMethod -->
        <test-method status="PASS" signature="beforeClassMethod()[pri:0, instance:com.uma.framework.FirstEample@ed1b1c72]" name="beforeClassMethod" is-config="true" duration-ms="1" started-at="2020-04-13T07:40:52Z" finished-at="2020-04-13T07:40:52Z">
          <reporter-output>
          </reporter-output>
        </test-method> <!-- beforeClassMethod -->
        <test-method status="PASS" signature="beforeMethodExample()[pri:0, instance:com.uma.framework.FirstEample@ed1b1c72]" name="beforeMethodExample" is-config="true" duration-ms="1" started-at="2020-04-13T07:40:52Z" finished-at="2020-04-13T07:40:52Z">
          <reporter-output>
          </reporter-output>
        </test-method> <!-- beforeMethodExample -->
        <test-method status="PASS" signature="enterFirstName()[pri:0, instance:com.uma.framework.FirstEample@ed1b1c72]" name="enterFirstName" duration-ms="1405" started-at="2020-04-13T07:40:52Z" finished-at="2020-04-13T07:40:53Z">
          <reporter-output>
          </reporter-output>
        </test-method> <!-- enterFirstName -->
        <test-method status="PASS" signature="afterMethodExample()[pri:0, instance:com.uma.framework.FirstEample@ed1b1c72]" name="afterMethodExample" is-config="true" duration-ms="3" started-at="2020-04-13T07:40:53Z" finished-at="2020-04-13T07:40:53Z">
          <reporter-output>
          </reporter-output>
        </test-method> <!-- afterMethodExample -->
        <test-method status="PASS" signature="beforeMethodExample()[pri:0, instance:com.uma.framework.FirstEample@ed1b1c72]" name="beforeMethodExample" is-config="true" duration-ms="1" started-at="2020-04-13T07:40:53Z" finished-at="2020-04-13T07:40:53Z">
          <reporter-output>
          </reporter-output>
        </test-method> <!-- beforeMethodExample -->
        <test-method status="PASS" signature="enterLastName()[pri:1, instance:com.uma.framework.FirstEample@ed1b1c72]" name="enterLastName" duration-ms="1347" started-at="2020-04-13T07:40:53Z" finished-at="2020-04-13T07:40:55Z">
          <reporter-output>
          </reporter-output>
        </test-method> <!-- enterLastName -->
        <test-method status="PASS" signature="afterMethodExample()[pri:0, instance:com.uma.framework.FirstEample@ed1b1c72]" name="afterMethodExample" is-config="true" duration-ms="1" started-at="2020-04-13T07:40:55Z" finished-at="2020-04-13T07:40:55Z">
          <reporter-output>
          </reporter-output>
        </test-method> <!-- afterMethodExample -->
        <test-method status="PASS" signature="beforeMethodExample()[pri:0, instance:com.uma.framework.FirstEample@ed1b1c72]" name="beforeMethodExample" is-config="true" duration-ms="0" started-at="2020-04-13T07:40:55Z" finished-at="2020-04-13T07:40:55Z">
          <reporter-output>
          </reporter-output>
        </test-method> <!-- beforeMethodExample -->
        <test-method status="PASS" signature="enterMiddleName()[pri:2, instance:com.uma.framework.FirstEample@ed1b1c72]" name="enterMiddleName" duration-ms="363" started-at="2020-04-13T07:40:55Z" finished-at="2020-04-13T07:40:55Z">
          <reporter-output>
          </reporter-output>
        </test-method> <!-- enterMiddleName -->
        <test-method status="PASS" signature="afterMethodExample()[pri:0, instance:com.uma.framework.FirstEample@ed1b1c72]" name="afterMethodExample" is-config="true" duration-ms="1" started-at="2020-04-13T07:40:55Z" finished-at="2020-04-13T07:40:55Z">
          <reporter-output>
          </reporter-output>
        </test-method> <!-- afterMethodExample -->
        <test-method status="PASS" signature="beforeMethodExample()[pri:0, instance:com.uma.framework.FirstEample@ed1b1c72]" name="beforeMethodExample" is-config="true" duration-ms="1" started-at="2020-04-13T07:40:55Z" finished-at="2020-04-13T07:40:55Z">
          <reporter-output>
          </reporter-output>
        </test-method> <!-- beforeMethodExample -->
        <test-method status="PASS" signature="verifyHeaderFormText()[pri:3, instance:com.uma.framework.FirstEample@ed1b1c72]" name="verifyHeaderFormText" duration-ms="79" started-at="2020-04-13T07:40:55Z" finished-at="2020-04-13T07:40:55Z">
          <reporter-output>
          </reporter-output>
        </test-method> <!-- verifyHeaderFormText -->
        <test-method status="PASS" signature="afterMethodExample()[pri:0, instance:com.uma.framework.FirstEample@ed1b1c72]" name="afterMethodExample" is-config="true" duration-ms="1" started-at="2020-04-13T07:40:55Z" finished-at="2020-04-13T07:40:55Z">
          <reporter-output>
          </reporter-output>
        </test-method> <!-- afterMethodExample -->
        <test-method status="PASS" signature="afterClassMethod()[pri:0, instance:com.uma.framework.FirstEample@ed1b1c72]" name="afterClassMethod" is-config="true" duration-ms="1" started-at="2020-04-13T07:40:55Z" finished-at="2020-04-13T07:40:55Z">
          <reporter-output>
          </reporter-output>
        </test-method> <!-- afterClassMethod -->
        <test-method status="PASS" signature="afterTestMethod()[pri:0, instance:com.uma.framework.FirstEample@ed1b1c72]" name="afterTestMethod" is-config="true" duration-ms="0" started-at="2020-04-13T07:40:55Z" finished-at="2020-04-13T07:40:55Z">
          <reporter-output>
          </reporter-output>
        </test-method> <!-- afterTestMethod -->
        <test-method status="PASS" signature="afterSuiteMethod()[pri:0, instance:com.uma.framework.FirstEample@ed1b1c72]" name="afterSuiteMethod" is-config="true" duration-ms="0" started-at="2020-04-13T07:40:55Z" finished-at="2020-04-13T07:40:55Z">
          <reporter-output>
          </reporter-output>
        </test-method> <!-- afterSuiteMethod -->
      </class> <!-- com.uma.framework.FirstEample -->
    </test> <!-- Chrome Test -->
  </suite> <!-- Sample Suite -->
</testng-results>
