<?xml version="1.0" encoding="UTF-8"?>
<!-- Generated by org.testng.reporters.JUnitXMLReporter -->
<testsuite hostname="HYDPCM203672L" ignored="0" name="Chrome Test" tests="4" failures="0" timestamp="24 Apr 2020 05:59:22 GMT" time="46.644" errors="0">
  <testcase name="enterFirstName" time="22.808" classname="com.uma.framework.FirstEample"/>
  <testcase name="enterLastName" time="1.663" classname="com.uma.framework.FirstEample"/>
  <testcase name="enterMiddleName" time="0.318" classname="com.uma.framework.FirstEample"/>
  <testcase name="verifyHeaderFormText" time="0.11" classname="com.uma.framework.FirstEample"/>
</testsuite> <!-- Chrome Test -->
