<?xml version="1.0" encoding="UTF-8"?>
<!-- Generated by org.testng.reporters.JUnitXMLReporter -->
<testsuite hostname="HYDPCM203672L" ignored="3" name="Chrome Test(failed)" tests="1" failures="0" timestamp="09 Apr 2020 08:23:06 GMT" time="19.829" errors="0">
  <testcase name="verifyHeaderFormText" time="0.615" classname="com.uma.framework.FirstEample"/>
  <testcase name="enterLastName" time="0.0" classname="com.uma.framework.FirstEample">
    <ignored/>
  </testcase> <!-- enterLastName -->
  <testcase name="enterFirstName" time="0.0" classname="com.uma.framework.FirstEample">
    <ignored/>
  </testcase> <!-- enterFirstName -->
  <testcase name="enterMiddleName" time="0.0" classname="com.uma.framework.FirstEample">
    <ignored/>
  </testcase> <!-- enterMiddleName -->
</testsuite> <!-- Chrome Test(failed) -->
